Started at Tue Jun 27 00:19:12 GMT 2023
Processing holamundo-icgrupo3
Offering holamundo-icgrupo3 to Project Build Discarder
holamundo-icgrupo3 accepted by Project Build Discarder
Processing Holamundo1
Offering Holamundo1 to Project Build Discarder
Processing pipe hola grupo 3
Offering pipe hola grupo 3 to Project Build Discarder
Processing prueba-jenkins
Offering prueba-jenkins to Project Build Discarder
Finished at Tue Jun 27 00:19:12 GMT 2023. 4ms
Started at Tue Jun 27 01:19:12 GMT 2023
Processing holamundo-icgrupo3
Offering holamundo-icgrupo3 to Project Build Discarder
holamundo-icgrupo3 accepted by Project Build Discarder
Processing Holamundo1
Offering Holamundo1 to Project Build Discarder
Processing pipe hola grupo 3
Offering pipe hola grupo 3 to Project Build Discarder
Processing prueba-jenkins
Offering prueba-jenkins to Project Build Discarder
Finished at Tue Jun 27 01:19:12 GMT 2023. 1ms
Started at Tue Jun 27 02:19:12 GMT 2023
Processing holamundo-icgrupo3
Offering holamundo-icgrupo3 to Project Build Discarder
holamundo-icgrupo3 accepted by Project Build Discarder
Processing Holamundo1
Offering Holamundo1 to Project Build Discarder
Processing pipe hola grupo 3
Offering pipe hola grupo 3 to Project Build Discarder
Processing prueba-jenkins
Offering prueba-jenkins to Project Build Discarder
Finished at Tue Jun 27 02:19:12 GMT 2023. 1ms
Started at Tue Jun 27 03:19:12 GMT 2023
Processing holamundo-icgrupo3
Offering holamundo-icgrupo3 to Project Build Discarder
holamundo-icgrupo3 accepted by Project Build Discarder
Processing Holamundo1
Offering Holamundo1 to Project Build Discarder
Processing pipe hola grupo 3
Offering pipe hola grupo 3 to Project Build Discarder
Processing prueba-jenkins
Offering prueba-jenkins to Project Build Discarder
Finished at Tue Jun 27 03:19:12 GMT 2023. 1ms
